 --- Init ---
DistanceBot_strength
 --- Bot used 16 milliseconds ---
-----------------------------------------------------------------------------
 --- Frame #1 ---
11 22 1
 --- Bot used 1 milliseconds ---
-----------------------------------------------------------------------------
 --- Frame #2 ---
11 21 0 11 22 0
 --- Bot used 1 milliseconds ---
-----------------------------------------------------------------------------
 --- Frame #3 ---
11 21 0 11 22 0
 --- Bot used 1 milliseconds ---
-----------------------------------------------------------------------------
 --- Frame #4 ---
11 21 0 11 22 0
 --- Bot used 1 milliseconds ---
-----------------------------------------------------------------------------
 --- Frame #5 ---

ERRORED!
No response received.